Q[1] =    M[1] = 
   0.000         0.050000000000       -0.050000000000
Q[1] =    M[1] = 
   0.000         0.050000000000       -0.050000000000
Q[0] = 0.0   M[0] = 1.0
   0.000         0.050000000000       -0.050000000000
Q[0] = 0.0   M[0] = 1.0
   0.000         0.050000000000       -0.050000000000
Q[0] = 0.0   M[0] = 1.0
   0.000         0.050000000000       -0.050000000000
Q[0] = 0.0   M[0] = 1.0
w [0] = 100   g[0] = 0.001
   0.000         0.050000000000       -0.050000000000
Q[0] = 0.0   M[0] = 1.0
>>> g  M sqrt(1.0) Q 0.0
w [0] = 100   g[0] = 0.001
   0.000         0.050000000000       -0.050000000000
Q[0] = 0.0   M[0] = 1.0
w [0] = 100   g[0] = 0.001
   0.000         0.050000000000       -0.050000000000
Q[0] = 0.0   M[0] = 1.0
w [0] = 100   g[0] = 0.001
   0.000         0.050000000000       -0.050000000000
Q[0] = 0.0   M[0] = 1.0
w [0] = 100   g[0] = 0.001
   0.000         0.050000000000       -0.050000000000
Q[0] = 0.0   M[0] = 1.0
w [0] = 100   g[0] = 0.001
Energy         0.050000000000       -0.050000000000
